<?xml version="1.0" encoding="UTF-8"?>
<!-- Generated by org.testng.reporters.JUnitReportReporter -->
<testsuite hostname="lin73001297" failures="0" tests="2" name="testRunner.ProfileDetailsEditRunner" time="78.452" errors="0" timestamp="2022-10-13T10:39:09 IST" skipped="0">
  <testcase classname="testRunner.ProfileDetailsEditRunner" name="runScenario" time="38.928"/>
  <system-out/>
  <testcase classname="testRunner.ProfileDetailsEditRunner" name="runScenario" time="39.524"/>
  <system-out/>
</testsuite> <!-- testRunner.ProfileDetailsEditRunner -->
