<?xml version="1.0" encoding="UTF-8"?>
<!-- Generated by org.testng.reporters.JUnitReportReporter -->
<testsuite hostname="lin73001297" failures="0" tests="1" name="testRunner.ProfileDetailsRunner" time="39.662" errors="0" timestamp="2022-10-13T10:39:09 IST" skipped="0">
  <testcase classname="testRunner.ProfileDetailsRunner" name="runScenario" time="39.662"/>
  <system-out/>
</testsuite> <!-- testRunner.ProfileDetailsRunner -->
