<?xml version="1.0" encoding="UTF-8"?>
<!-- Generated by org.testng.reporters.JUnitReportReporter -->
<testsuite hostname="lin73001297" failures="0" tests="1" name="testRunner.LoginRunner" time="27.026" errors="0" timestamp="2022-10-13T10:39:09 IST" skipped="0">
  <testcase classname="testRunner.LoginRunner" name="runScenario" time="27.026"/>
  <system-out/>
</testsuite> <!-- testRunner.LoginRunner -->
