<?xml version="1.0" encoding="UTF-8"?>
<!-- Generated by org.testng.reporters.JUnitReportReporter -->
<testsuite hostname="lin73001297" failures="0" tests="1" name="testRunner.DocumentDetailsRunner" time="41.027" errors="0" timestamp="2022-10-13T10:39:09 IST" skipped="0">
  <testcase classname="testRunner.DocumentDetailsRunner" name="runScenario" time="41.027"/>
  <system-out/>
</testsuite> <!-- testRunner.DocumentDetailsRunner -->
